2018-03-14 12:47:41,052 CRIT Supervisor running as root (no user in config file)
2018-03-14 12:47:41,053 WARN Included extra file "/etc/supervisor/conf.d/supervisord.conf" during parsing
2018-03-14 12:47:41,098 INFO RPC interface 'supervisor' initialized
2018-03-14 12:47:41,099 CRIT Server 'unix_http_server' running without any HTTP authentication checking
2018-03-14 12:47:41,099 INFO supervisord started with pid 1
2018-03-14 12:47:42,107 INFO spawned: 'varnishd' with pid 13
2018-03-14 12:47:42,117 INFO spawned: 'php-fpm' with pid 14
2018-03-14 12:47:42,124 INFO spawned: 'varnish-plugins-watcher' with pid 15
2018-03-14 12:47:42,135 INFO spawned: 'nginx' with pid 16
2018-03-14 12:47:42,144 INFO spawned: 'MailHog' with pid 17
2018-03-14 12:47:42,155 INFO spawned: 'mysql' with pid 18
2018-03-14 12:47:42,161 INFO spawned: 'varnish-themes-watcher' with pid 19
2018-03-14 12:47:43,203 INFO success: varnishd entered RUNNING state, process has stayed up for > than 1 seconds (startsecs)
2018-03-14 12:47:43,203 INFO success: php-fpm entered RUNNING state, process has stayed up for > than 1 seconds (startsecs)
2018-03-14 12:47:43,203 INFO success: varnish-plugins-watcher entered RUNNING state, process has stayed up for > than 1 seconds (startsecs)
2018-03-14 12:47:43,203 INFO success: nginx entered RUNNING state, process has stayed up for > than 1 seconds (startsecs)
2018-03-14 12:47:43,204 INFO success: MailHog entered RUNNING state, process has stayed up for > than 1 seconds (startsecs)
2018-03-14 12:47:43,204 INFO success: mysql entered RUNNING state, process has stayed up for > than 1 seconds (startsecs)
2018-03-14 12:47:43,204 INFO success: varnish-themes-watcher entered RUNNING state, process has stayed up for > than 1 seconds (startsecs)
2018-03-14 15:06:47,310 WARN received SIGTERM indicating exit request
2018-03-14 15:06:47,312 INFO waiting for varnishd, php-fpm, varnish-plugins-watcher, nginx, MailHog, mysql, varnish-themes-watcher to die
2018-03-14 15:06:48,316 INFO stopped: varnish-themes-watcher (terminated by SIGTERM)
2018-03-14 15:06:48,346 INFO stopped: mysql (exit status 0)
2018-03-14 15:06:48,349 INFO stopped: MailHog (terminated by SIGTERM)
2018-03-14 15:06:48,356 INFO stopped: nginx (exit status 0)
2018-03-14 15:06:49,360 INFO stopped: varnish-plugins-watcher (terminated by SIGTERM)
2018-03-14 15:06:49,394 INFO stopped: php-fpm (exit status 0)
2018-03-14 15:06:50,066 CRIT reaped unknown pid 29)
2018-03-14 15:06:50,402 INFO waiting for varnishd to die
2018-03-14 15:06:50,544 INFO stopped: varnishd (exit status 0)
